<?xml version="1.0" encoding="UTF-8"?>
<robot generator="Robot 4.1.1 (Python 3.9.7 on win32)" generated="20210915 13:07:25.852" rpa="false" schemaversion="2">
<suite id="s1" name="TestLogin" source="C:\Users\SUPORTE IN9MÍDIA\Documents\Jefferson\Robot\Automation_login\tests\TestLogin.robot">
<test id="s1-t1" name="Caso de Teste 01: Realizar login">
<kw name="Abrir navegador" library="Resource" type="SETUP">
<kw name="Open Browser" library="SeleniumLibrary">
<arg>about:blank</arg>
<arg>${BROWSER}</arg>
<doc>Opens a new browser instance to the optional ``url``.</doc>
<msg timestamp="20210915 13:07:26.231" level="INFO">Opening browser 'chrome' to base url 'about:blank'.</msg>
<status status="PASS" starttime="20210915 13:07:26.230" endtime="20210915 13:07:31.503"/>
</kw>
<status status="PASS" starttime="20210915 13:07:26.230" endtime="20210915 13:07:31.503"/>
</kw>
<kw name="Dado que acesso a página de login" library="Resource">
<kw name="Go To" library="SeleniumLibrary">
<arg>${URL}</arg>
<doc>Navigates the current browser window to the provided ``url``.</doc>
<msg timestamp="20210915 13:07:31.507" level="INFO">Opening url 'https://training-wheels-protocol.herokuapp.com/login'</msg>
<status status="PASS" starttime="20210915 13:07:31.506" endtime="20210915 13:07:36.097"/>
</kw>
<kw name="Page Should Contain Element" library="SeleniumLibrary">
<arg>xpath=//i[contains(.,'Login')]</arg>
<doc>Verifies that element ``locator`` is found on the current page.</doc>
<msg timestamp="20210915 13:07:36.122" level="INFO">Current page contains element 'xpath=//i[contains(.,'Login')]'.</msg>
<status status="PASS" starttime="20210915 13:07:36.097" endtime="20210915 13:07:36.122"/>
</kw>
<status status="PASS" starttime="20210915 13:07:31.505" endtime="20210915 13:07:36.122"/>
</kw>
<kw name="Quando submeto meu &quot;${LOGIN}&quot;" library="Resource" sourcename="Quando submeto meu &quot;${LOGIN}&quot;">
<kw name="Input Text" library="SeleniumLibrary">
<arg>id=userId</arg>
<arg>${LOGIN}</arg>
<doc>Types the given ``text`` into the text field identified by ``locator``.</doc>
<msg timestamp="20210915 13:07:36.124" level="INFO">Typing text 'stark' into text field 'id=userId'.</msg>
<status status="PASS" starttime="20210915 13:07:36.123" endtime="20210915 13:07:36.237"/>
</kw>
<status status="PASS" starttime="20210915 13:07:36.123" endtime="20210915 13:07:36.237"/>
</kw>
<kw name="Quando submeto minha &quot;${PASSWORD}&quot;" library="Resource" sourcename="Quando submeto minha &quot;${PASSWORD}&quot;">
<kw name="Input Password" library="SeleniumLibrary">
<arg>id=passId</arg>
<arg>${PASSWORD}</arg>
<doc>Types the given password into the text field identified by ``locator``.</doc>
<msg timestamp="20210915 13:07:36.239" level="INFO">Typing password into text field 'id=passId'.</msg>
<msg timestamp="20210915 13:07:36.298" level="INFO">Temporally setting log level to: NONE</msg>
<msg timestamp="20210915 13:07:36.362" level="INFO">Log level changed from NONE to INFO.</msg>
<status status="PASS" starttime="20210915 13:07:36.239" endtime="20210915 13:07:36.362"/>
</kw>
<status status="PASS" starttime="20210915 13:07:36.238" endtime="20210915 13:07:36.362"/>
</kw>
<kw name="Então devo ser direcionado para área logada" library="Resource">
<kw name="Click Element" library="SeleniumLibrary">
<arg>xpath=//i[contains(@class,'fa fa-2x fa-sign-in')]</arg>
<doc>Click the element identified by ``locator``.</doc>
<msg timestamp="20210915 13:07:36.364" level="INFO">Clicking element 'xpath=//i[contains(@class,'fa fa-2x fa-sign-in')]'.</msg>
<status status="PASS" starttime="20210915 13:07:36.364" endtime="20210915 13:07:37.080"/>
</kw>
<kw name="Page Should Contain Element" library="SeleniumLibrary">
<arg>xpath=//div[contains(@class,'flash success')]</arg>
<doc>Verifies that element ``locator`` is found on the current page.</doc>
<msg timestamp="20210915 13:07:37.103" level="INFO">Current page contains element 'xpath=//div[contains(@class,'flash success')]'.</msg>
<status status="PASS" starttime="20210915 13:07:37.080" endtime="20210915 13:07:37.103"/>
</kw>
<kw name="Sleep" library="BuiltIn">
<arg>2</arg>
<doc>Pauses the test executed for the given time.</doc>
<msg timestamp="20210915 13:07:39.126" level="INFO">Slept 2 seconds</msg>
<status status="PASS" starttime="20210915 13:07:37.103" endtime="20210915 13:07:39.126"/>
</kw>
<status status="PASS" starttime="20210915 13:07:36.363" endtime="20210915 13:07:39.127"/>
</kw>
<kw name="Fechar navegador" library="Resource" type="TEARDOWN">
<kw name="Close Browser" library="SeleniumLibrary">
<doc>Closes the current browser.</doc>
<status status="PASS" starttime="20210915 13:07:39.130" endtime="20210915 13:07:41.739"/>
</kw>
<status status="PASS" starttime="20210915 13:07:39.129" endtime="20210915 13:07:41.740"/>
</kw>
<status status="PASS" starttime="20210915 13:07:26.228" endtime="20210915 13:07:41.741"/>
</test>
<test id="s1-t2" name="Caso de Teste 02: Usuário não cadastrado">
<kw name="Abrir navegador" library="Resource" type="SETUP">
<kw name="Open Browser" library="SeleniumLibrary">
<arg>about:blank</arg>
<arg>${BROWSER}</arg>
<doc>Opens a new browser instance to the optional ``url``.</doc>
<msg timestamp="20210915 13:07:41.757" level="INFO">Opening browser 'chrome' to base url 'about:blank'.</msg>
<status status="PASS" starttime="20210915 13:07:41.753" endtime="20210915 13:07:43.852"/>
</kw>
<status status="PASS" starttime="20210915 13:07:41.751" endtime="20210915 13:07:43.852"/>
</kw>
<kw name="Dado que acesso a página de login" library="Resource">
<kw name="Go To" library="SeleniumLibrary">
<arg>${URL}</arg>
<doc>Navigates the current browser window to the provided ``url``.</doc>
<msg timestamp="20210915 13:07:43.855" level="INFO">Opening url 'https://training-wheels-protocol.herokuapp.com/login'</msg>
<status status="PASS" starttime="20210915 13:07:43.855" endtime="20210915 13:07:48.481"/>
</kw>
<kw name="Page Should Contain Element" library="SeleniumLibrary">
<arg>xpath=//i[contains(.,'Login')]</arg>
<doc>Verifies that element ``locator`` is found on the current page.</doc>
<msg timestamp="20210915 13:07:48.508" level="INFO">Current page contains element 'xpath=//i[contains(.,'Login')]'.</msg>
<status status="PASS" starttime="20210915 13:07:48.482" endtime="20210915 13:07:48.508"/>
</kw>
<status status="PASS" starttime="20210915 13:07:43.854" endtime="20210915 13:07:48.509"/>
</kw>
<kw name="Quando submeto meu &quot;${NOMEFAKE}&quot;" library="Resource" sourcename="Quando submeto meu &quot;${LOGIN}&quot;">
<kw name="Input Text" library="SeleniumLibrary">
<arg>id=userId</arg>
<arg>${LOGIN}</arg>
<doc>Types the given ``text`` into the text field identified by ``locator``.</doc>
<msg timestamp="20210915 13:07:48.511" level="INFO">Typing text 'Jeff' into text field 'id=userId'.</msg>
<status status="PASS" starttime="20210915 13:07:48.511" endtime="20210915 13:07:48.623"/>
</kw>
<status status="PASS" starttime="20210915 13:07:48.510" endtime="20210915 13:07:48.623"/>
</kw>
<kw name="Quando submeto minha &quot;${PASSWORDFAKE}&quot;" library="Resource" sourcename="Quando submeto minha &quot;${PASSWORD}&quot;">
<kw name="Input Password" library="SeleniumLibrary">
<arg>id=passId</arg>
<arg>${PASSWORD}</arg>
<doc>Types the given password into the text field identified by ``locator``.</doc>
<msg timestamp="20210915 13:07:48.626" level="INFO">Typing password into text field 'id=passId'.</msg>
<msg timestamp="20210915 13:07:48.685" level="INFO">Temporally setting log level to: NONE</msg>
<msg timestamp="20210915 13:07:48.747" level="INFO">Log level changed from NONE to INFO.</msg>
<status status="PASS" starttime="20210915 13:07:48.625" endtime="20210915 13:07:48.747"/>
</kw>
<status status="PASS" starttime="20210915 13:07:48.624" endtime="20210915 13:07:48.747"/>
</kw>
<kw name="Então devo receber um alerta: &quot;O usuário informado não está cadastrado!&quot;" library="Resource">
<kw name="Click Element" library="SeleniumLibrary">
<arg>xpath=//i[contains(@class,'fa fa-2x fa-sign-in')]</arg>
<doc>Click the element identified by ``locator``.</doc>
<msg timestamp="20210915 13:07:48.749" level="INFO">Clicking element 'xpath=//i[contains(@class,'fa fa-2x fa-sign-in')]'.</msg>
<status status="PASS" starttime="20210915 13:07:48.749" endtime="20210915 13:07:49.411"/>
</kw>
<kw name="Page Should Contain Element" library="SeleniumLibrary">
<arg>xpath=//div[contains(@class,"flash error")]</arg>
<doc>Verifies that element ``locator`` is found on the current page.</doc>
<msg timestamp="20210915 13:07:49.430" level="INFO">Current page contains element 'xpath=//div[contains(@class,"flash error")]'.</msg>
<status status="PASS" starttime="20210915 13:07:49.411" endtime="20210915 13:07:49.430"/>
</kw>
<status status="PASS" starttime="20210915 13:07:48.748" endtime="20210915 13:07:49.430"/>
</kw>
<kw name="Fechar navegador" library="Resource" type="TEARDOWN">
<kw name="Close Browser" library="SeleniumLibrary">
<doc>Closes the current browser.</doc>
<status status="PASS" starttime="20210915 13:07:49.432" endtime="20210915 13:07:51.838"/>
</kw>
<status status="PASS" starttime="20210915 13:07:49.431" endtime="20210915 13:07:51.838"/>
</kw>
<status status="PASS" starttime="20210915 13:07:41.747" endtime="20210915 13:07:51.840"/>
</test>
<test id="s1-t3" name="Caso de Teste 03: Senha inválida!">
<kw name="Abrir navegador" library="Resource" type="SETUP">
<kw name="Open Browser" library="SeleniumLibrary">
<arg>about:blank</arg>
<arg>${BROWSER}</arg>
<doc>Opens a new browser instance to the optional ``url``.</doc>
<msg timestamp="20210915 13:07:51.855" level="INFO">Opening browser 'chrome' to base url 'about:blank'.</msg>
<status status="PASS" starttime="20210915 13:07:51.851" endtime="20210915 13:07:53.982"/>
</kw>
<status status="PASS" starttime="20210915 13:07:51.849" endtime="20210915 13:07:53.983"/>
</kw>
<kw name="Dado que acesso a página de login" library="Resource">
<kw name="Go To" library="SeleniumLibrary">
<arg>${URL}</arg>
<doc>Navigates the current browser window to the provided ``url``.</doc>
<msg timestamp="20210915 13:07:53.985" level="INFO">Opening url 'https://training-wheels-protocol.herokuapp.com/login'</msg>
<status status="PASS" starttime="20210915 13:07:53.984" endtime="20210915 13:07:57.525"/>
</kw>
<kw name="Page Should Contain Element" library="SeleniumLibrary">
<arg>xpath=//i[contains(.,'Login')]</arg>
<doc>Verifies that element ``locator`` is found on the current page.</doc>
<msg timestamp="20210915 13:07:57.543" level="INFO">Current page contains element 'xpath=//i[contains(.,'Login')]'.</msg>
<status status="PASS" starttime="20210915 13:07:57.526" endtime="20210915 13:07:57.543"/>
</kw>
<status status="PASS" starttime="20210915 13:07:53.984" endtime="20210915 13:07:57.544"/>
</kw>
<kw name="Quando submeto meu &quot;${LOGIN}&quot;" library="Resource" sourcename="Quando submeto meu &quot;${LOGIN}&quot;">
<kw name="Input Text" library="SeleniumLibrary">
<arg>id=userId</arg>
<arg>${LOGIN}</arg>
<doc>Types the given ``text`` into the text field identified by ``locator``.</doc>
<msg timestamp="20210915 13:07:57.546" level="INFO">Typing text 'stark' into text field 'id=userId'.</msg>
<status status="PASS" starttime="20210915 13:07:57.545" endtime="20210915 13:07:57.664"/>
</kw>
<status status="PASS" starttime="20210915 13:07:57.544" endtime="20210915 13:07:57.664"/>
</kw>
<kw name="Quando submeto minha &quot;${PASSWORDFAKE}&quot;" library="Resource" sourcename="Quando submeto minha &quot;${PASSWORD}&quot;">
<kw name="Input Password" library="SeleniumLibrary">
<arg>id=passId</arg>
<arg>${PASSWORD}</arg>
<doc>Types the given password into the text field identified by ``locator``.</doc>
<msg timestamp="20210915 13:07:57.666" level="INFO">Typing password into text field 'id=passId'.</msg>
<msg timestamp="20210915 13:07:57.728" level="INFO">Temporally setting log level to: NONE</msg>
<msg timestamp="20210915 13:07:57.797" level="INFO">Log level changed from NONE to INFO.</msg>
<status status="PASS" starttime="20210915 13:07:57.666" endtime="20210915 13:07:57.797"/>
</kw>
<status status="PASS" starttime="20210915 13:07:57.665" endtime="20210915 13:07:57.798"/>
</kw>
<kw name="Então devo receber um alerta: &quot;Senha é invalida!&quot;" library="Resource">
<kw name="Click Element" library="SeleniumLibrary">
<arg>xpath=//i[contains(@class,'fa fa-2x fa-sign-in')]</arg>
<doc>Click the element identified by ``locator``.</doc>
<msg timestamp="20210915 13:07:57.800" level="INFO">Clicking element 'xpath=//i[contains(@class,'fa fa-2x fa-sign-in')]'.</msg>
<status status="PASS" starttime="20210915 13:07:57.799" endtime="20210915 13:07:58.745"/>
</kw>
<kw name="Page Should Contain Element" library="SeleniumLibrary">
<arg>xpath=//div[contains(@class,'flash error')]</arg>
<doc>Verifies that element ``locator`` is found on the current page.</doc>
<msg timestamp="20210915 13:07:58.762" level="INFO">Current page contains element 'xpath=//div[contains(@class,'flash error')]'.</msg>
<status status="PASS" starttime="20210915 13:07:58.745" endtime="20210915 13:07:58.762"/>
</kw>
<status status="PASS" starttime="20210915 13:07:57.798" endtime="20210915 13:07:58.763"/>
</kw>
<kw name="Fechar navegador" library="Resource" type="TEARDOWN">
<kw name="Close Browser" library="SeleniumLibrary">
<doc>Closes the current browser.</doc>
<status status="PASS" starttime="20210915 13:07:58.766" endtime="20210915 13:08:01.110"/>
</kw>
<status status="PASS" starttime="20210915 13:07:58.764" endtime="20210915 13:08:01.111"/>
</kw>
<status status="PASS" starttime="20210915 13:07:51.846" endtime="20210915 13:08:01.112"/>
</test>
<status status="PASS" starttime="20210915 13:07:25.855" endtime="20210915 13:08:01.121"/>
</suite>
<statistics>
<total>
<stat pass="3" fail="0" skip="0">All Tests</stat>
</total>
<tag>
</tag>
<suite>
<stat pass="3" fail="0" skip="0" id="s1" name="TestLogin">TestLogin</stat>
</suite>
</statistics>
<errors>
</errors>
</robot>
