<?xml version="1.0" encoding="UTF-8"?>
<robot generator="Robot 4.1.1 (Python 3.9.7 on win32)" generated="20210914 13:49:19.689" rpa="false" schemaversion="2">
<suite id="s1" name="TestBddPractice" source="C:\Users\SUPORTE IN9MÍDIA\Documents\Jefferson\Robot\AutomationPractice\tests\TestBddPractice.robot">
<test id="s1-t1" name="Caso de Teste 01: Pesquisar produto existente">
<kw name="Abrir navegador" library="Resource" type="SETUP">
<kw name="Open Browser" library="SeleniumLibrary">
<arg>about:blank</arg>
<arg>${BROWSER}</arg>
<doc>Opens a new browser instance to the optional ``url``.</doc>
<msg timestamp="20210914 13:49:20.048" level="INFO">Opening browser 'chrome' to base url 'about:blank'.</msg>
<status status="PASS" starttime="20210914 13:49:20.048" endtime="20210914 13:49:22.180"/>
</kw>
<status status="PASS" starttime="20210914 13:49:20.047" endtime="20210914 13:49:22.181"/>
</kw>
<kw name="Dado que esto na página home do site">
<kw name="Acessar a página home do site" library="Resource">
<kw name="Go To" library="SeleniumLibrary">
<arg>${URL}</arg>
<doc>Navigates the current browser window to the provided ``url``.</doc>
<msg timestamp="20210914 13:49:22.186" level="INFO">Opening url 'http://automationpractice.com/'</msg>
<status status="PASS" starttime="20210914 13:49:22.186" endtime="20210914 13:49:38.730"/>
</kw>
<kw name="Wait Until Element Is Visible" library="SeleniumLibrary">
<arg>xpath=//img[@alt='My Store']</arg>
<doc>Waits until the element ``locator`` is visible.</doc>
<status status="PASS" starttime="20210914 13:49:38.730" endtime="20210914 13:49:38.765"/>
</kw>
<kw name="Title Should Be" library="SeleniumLibrary">
<arg>My Store</arg>
<doc>Verifies that the current page title equals ``title``.</doc>
<msg timestamp="20210914 13:49:38.773" level="INFO">Page title is 'My Store'.</msg>
<status status="PASS" starttime="20210914 13:49:38.765" endtime="20210914 13:49:38.773"/>
</kw>
<status status="PASS" starttime="20210914 13:49:22.184" endtime="20210914 13:49:38.773"/>
</kw>
<status status="PASS" starttime="20210914 13:49:22.182" endtime="20210914 13:49:38.773"/>
</kw>
<kw name="Quando eu pesquisar pelo produto &quot;Blouse&quot;" sourcename="Quando eu pesquisar pelo produto &quot;${PRODUTO}&quot;">
<kw name="Digitar o nome do produto &quot;${PRODUTO}&quot; no campo pesquisa" library="Resource" sourcename="Digitar o nome do produto &quot;${PRODUTO}&quot; no campo pesquisa">
<kw name="Input Text" library="SeleniumLibrary">
<arg>id=search_query_top</arg>
<arg>${PRODUTO}</arg>
<doc>Types the given ``text`` into the text field identified by ``locator``.</doc>
<msg timestamp="20210914 13:49:38.776" level="INFO">Typing text 'Blouse' into text field 'id=search_query_top'.</msg>
<status status="PASS" starttime="20210914 13:49:38.775" endtime="20210914 13:49:38.952"/>
</kw>
<status status="PASS" starttime="20210914 13:49:38.775" endtime="20210914 13:49:38.952"/>
</kw>
<kw name="Clicar no botão pesquisar" library="Resource">
<kw name="Click Element" library="SeleniumLibrary">
<arg>name=submit_search</arg>
<doc>Click the element identified by ``locator``.</doc>
<msg timestamp="20210914 13:49:38.953" level="INFO">Clicking element 'name=submit_search'.</msg>
<status status="PASS" starttime="20210914 13:49:38.953" endtime="20210914 13:49:39.050"/>
</kw>
<status status="PASS" starttime="20210914 13:49:38.952" endtime="20210914 13:49:39.051"/>
</kw>
<status status="PASS" starttime="20210914 13:49:38.774" endtime="20210914 13:49:39.051"/>
</kw>
<kw name="Então o produto &quot;Blouse&quot; deve ser listado na página de resultados da busca" sourcename="Então o produto &quot;${PRODUTO}&quot; deve ser listado na página de resultados da busca">
<kw name="Conferir se o produto &quot;${PRODUTO}&quot; foi listado no site" library="Resource" sourcename="Conferir se o produto &quot;${PRODUTO}&quot; foi listado no site">
<kw name="Wait Until Element Is Visible" library="SeleniumLibrary">
<arg>xpath=//*[@id="center_column"]/h1</arg>
<doc>Waits until the element ``locator`` is visible.</doc>
<kw name="Capture Page Screenshot" library="SeleniumLibrary">
<doc>Takes a screenshot of the current page and embeds it into a log file.</doc>
<msg timestamp="20210914 13:49:45.764" level="INFO" html="true">&lt;/td&gt;&lt;/tr&gt;&lt;tr&gt;&lt;td colspan="3"&gt;&lt;a href="selenium-screenshot-7.png"&gt;&lt;img src="selenium-screenshot-7.png" width="800px"&gt;&lt;/a&gt;</msg>
<status status="PASS" starttime="20210914 13:49:45.538" endtime="20210914 13:49:45.764"/>
</kw>
<msg timestamp="20210914 13:49:45.767" level="FAIL">Element 'xpath=//*[@id="center_column"]/h1' not visible after 5 seconds.</msg>
<status status="FAIL" starttime="20210914 13:49:39.053" endtime="20210914 13:49:45.767"/>
</kw>
<kw name="Title Should Be" library="SeleniumLibrary">
<arg>Search - My Store</arg>
<doc>Verifies that the current page title equals ``title``.</doc>
<status status="NOT RUN" starttime="20210914 13:49:45.768" endtime="20210914 13:49:45.768"/>
</kw>
<kw name="Page Should Contain Image" library="SeleniumLibrary">
<arg>xpath=//*[@id="center_column"]//*[@src="http://automationpractice.com/img/p/7/7-home_default.jpg"]</arg>
<doc>Verifies image identified by ``locator`` is found from current page.</doc>
<status status="NOT RUN" starttime="20210914 13:49:45.768" endtime="20210914 13:49:45.768"/>
</kw>
<kw name="Page Should Contain Link" library="SeleniumLibrary">
<arg>xpath=//*[@id="center_column"]//a[@class="product-name"][@title="${PRODUTO}"]</arg>
<doc>Verifies link identified by ``locator`` is found from current page.</doc>
<status status="NOT RUN" starttime="20210914 13:49:45.768" endtime="20210914 13:49:45.768"/>
</kw>
<status status="FAIL" starttime="20210914 13:49:39.052" endtime="20210914 13:49:45.769"/>
</kw>
<status status="FAIL" starttime="20210914 13:49:39.052" endtime="20210914 13:49:45.770"/>
</kw>
<kw name="Fechar navegador" library="Resource" type="TEARDOWN">
<kw name="Close Browser" library="SeleniumLibrary">
<doc>Closes the current browser.</doc>
<status status="PASS" starttime="20210914 13:49:45.771" endtime="20210914 13:49:48.225"/>
</kw>
<status status="PASS" starttime="20210914 13:49:45.771" endtime="20210914 13:49:48.226"/>
</kw>
<status status="FAIL" starttime="20210914 13:49:20.046" endtime="20210914 13:49:48.228">Element 'xpath=//*[@id="center_column"]/h1' not visible after 5 seconds.</status>
</test>
<test id="s1-t2" name="Caso de Teste 02: Pesquisar produto não existente">
<kw name="Abrir navegador" library="Resource" type="SETUP">
<kw name="Open Browser" library="SeleniumLibrary">
<arg>about:blank</arg>
<arg>${BROWSER}</arg>
<doc>Opens a new browser instance to the optional ``url``.</doc>
<msg timestamp="20210914 13:49:48.244" level="INFO">Opening browser 'chrome' to base url 'about:blank'.</msg>
<status status="PASS" starttime="20210914 13:49:48.242" endtime="20210914 13:49:50.251"/>
</kw>
<status status="PASS" starttime="20210914 13:49:48.239" endtime="20210914 13:49:50.252"/>
</kw>
<kw name="Dado que esto na página home do site">
<kw name="Acessar a página home do site" library="Resource">
<kw name="Go To" library="SeleniumLibrary">
<arg>${URL}</arg>
<doc>Navigates the current browser window to the provided ``url``.</doc>
<msg timestamp="20210914 13:49:50.256" level="INFO">Opening url 'http://automationpractice.com/'</msg>
<status status="PASS" starttime="20210914 13:49:50.255" endtime="20210914 13:50:06.487"/>
</kw>
<kw name="Wait Until Element Is Visible" library="SeleniumLibrary">
<arg>xpath=//img[@alt='My Store']</arg>
<doc>Waits until the element ``locator`` is visible.</doc>
<status status="PASS" starttime="20210914 13:50:06.488" endtime="20210914 13:50:06.577"/>
</kw>
<kw name="Title Should Be" library="SeleniumLibrary">
<arg>My Store</arg>
<doc>Verifies that the current page title equals ``title``.</doc>
<msg timestamp="20210914 13:50:06.591" level="INFO">Page title is 'My Store'.</msg>
<status status="PASS" starttime="20210914 13:50:06.578" endtime="20210914 13:50:06.591"/>
</kw>
<status status="PASS" starttime="20210914 13:49:50.254" endtime="20210914 13:50:06.592"/>
</kw>
<status status="PASS" starttime="20210914 13:49:50.253" endtime="20210914 13:50:06.592"/>
</kw>
<kw name="Quando eu pesquisar pelo produto &quot;ItemNãoExistente&quot;" sourcename="Quando eu pesquisar pelo produto &quot;${PRODUTO}&quot;">
<kw name="Digitar o nome do produto &quot;${PRODUTO}&quot; no campo pesquisa" library="Resource" sourcename="Digitar o nome do produto &quot;${PRODUTO}&quot; no campo pesquisa">
<kw name="Input Text" library="SeleniumLibrary">
<arg>id=search_query_top</arg>
<arg>${PRODUTO}</arg>
<doc>Types the given ``text`` into the text field identified by ``locator``.</doc>
<msg timestamp="20210914 13:50:06.601" level="INFO">Typing text 'ItemNãoExistente' into text field 'id=search_query_top'.</msg>
<status status="PASS" starttime="20210914 13:50:06.599" endtime="20210914 13:50:07.012"/>
</kw>
<status status="PASS" starttime="20210914 13:50:06.598" endtime="20210914 13:50:07.013"/>
</kw>
<kw name="Clicar no botão pesquisar" library="Resource">
<kw name="Click Element" library="SeleniumLibrary">
<arg>name=submit_search</arg>
<doc>Click the element identified by ``locator``.</doc>
<msg timestamp="20210914 13:50:07.014" level="INFO">Clicking element 'name=submit_search'.</msg>
<status status="PASS" starttime="20210914 13:50:07.014" endtime="20210914 13:50:15.186"/>
</kw>
<status status="PASS" starttime="20210914 13:50:07.013" endtime="20210914 13:50:15.186"/>
</kw>
<status status="PASS" starttime="20210914 13:50:06.597" endtime="20210914 13:50:15.187"/>
</kw>
<kw name="Então a página deve exibir a mensagem &quot;No results were found for your search &quot;ItemNãoExistente&quot;&quot;" sourcename="Então a página deve exibir a mensagem &quot;${NOTFOUND_ALERT}&quot;">
<kw name="Conferir mensagem de erro &quot;${NOTFOUND_ALERT}&quot;" library="Resource" sourcename="Conferir mensagem de erro &quot;${NOTFOUND_ALERT}&quot;">
<kw name="Wait Until Element Is Visible" library="SeleniumLibrary">
<arg>css=#center_column &gt; h1</arg>
<doc>Waits until the element ``locator`` is visible.</doc>
<status status="PASS" starttime="20210914 13:50:15.190" endtime="20210914 13:50:15.226"/>
</kw>
<kw name="Wait Until Element Is Visible" library="SeleniumLibrary">
<arg>//*[@id="center_column"]/p[@class='alert alert-warning']</arg>
<doc>Waits until the element ``locator`` is visible.</doc>
<status status="PASS" starttime="20210914 13:50:15.226" endtime="20210914 13:50:15.253"/>
</kw>
<kw name="Element Text Should Be" library="SeleniumLibrary">
<arg>//*[@id="center_column"]/p[@class='alert alert-warning']</arg>
<arg>${NOTFOUND_ALERT}</arg>
<doc>Verifies that element ``locator`` contains exact the text ``expected``.</doc>
<msg timestamp="20210914 13:50:15.254" level="INFO">Verifying element '//*[@id="center_column"]/p[@class='alert alert-warning']' contains exact text 'No results were found for your search "ItemNãoExistente"'.</msg>
<status status="PASS" starttime="20210914 13:50:15.253" endtime="20210914 13:50:15.276"/>
</kw>
<status status="PASS" starttime="20210914 13:50:15.189" endtime="20210914 13:50:15.277"/>
</kw>
<status status="PASS" starttime="20210914 13:50:15.188" endtime="20210914 13:50:15.277"/>
</kw>
<kw name="Fechar navegador" library="Resource" type="TEARDOWN">
<kw name="Close Browser" library="SeleniumLibrary">
<doc>Closes the current browser.</doc>
<status status="PASS" starttime="20210914 13:50:15.279" endtime="20210914 13:50:17.482"/>
</kw>
<status status="PASS" starttime="20210914 13:50:15.278" endtime="20210914 13:50:17.483"/>
</kw>
<status status="PASS" starttime="20210914 13:49:48.235" endtime="20210914 13:50:17.483"/>
</test>
<status status="FAIL" starttime="20210914 13:49:19.691" endtime="20210914 13:50:17.491"/>
</suite>
<statistics>
<total>
<stat pass="1" fail="1" skip="0">All Tests</stat>
</total>
<tag>
</tag>
<suite>
<stat pass="1" fail="1" skip="0" id="s1" name="TestBddPractice">TestBddPractice</stat>
</suite>
</statistics>
<errors>
</errors>
</robot>
