<?xml version="1.0" encoding="UTF-8"?>
<robot generator="Robot 4.1.1 (Python 3.9.7 on win32)" generated="20210914 08:30:20.846" rpa="false" schemaversion="2">
<suite id="s1" name="TestBddPractice" source="C:\Users\SUPORTE IN9MÍDIA\Documents\Jefferson\Robot\AutomationPractice\tests\TestBddPractice.robot">
<test id="s1-t1" name="Caso de Teste 01: Pesquiser produto existente">
<kw name="Abrir navegador" library="Resource" type="SETUP">
<kw name="Open Browser" library="SeleniumLibrary">
<arg>about:blank</arg>
<arg>${BROWSER}</arg>
<doc>Opens a new browser instance to the optional ``url``.</doc>
<msg timestamp="20210914 08:30:21.197" level="INFO">Opening browser 'chrome' to base url 'about:blank'.</msg>
<status status="PASS" starttime="20210914 08:30:21.196" endtime="20210914 08:30:24.046"/>
</kw>
<status status="PASS" starttime="20210914 08:30:21.195" endtime="20210914 08:30:24.047"/>
</kw>
<kw name="Dado que esto na página home do site">
<kw name="Acessar a página home do site" library="Resource">
<kw name="Go To" library="SeleniumLibrary">
<arg>${URL}</arg>
<doc>Navigates the current browser window to the provided ``url``.</doc>
<msg timestamp="20210914 08:30:24.050" level="INFO">Opening url 'http://automationpractice.com/'</msg>
<status status="PASS" starttime="20210914 08:30:24.050" endtime="20210914 08:30:29.749"/>
</kw>
<kw name="Title Should Be" library="SeleniumLibrary">
<arg>My Store</arg>
<doc>Verifies that the current page title equals ``title``.</doc>
<msg timestamp="20210914 08:30:29.756" level="INFO">Page title is 'My Store'.</msg>
<status status="PASS" starttime="20210914 08:30:29.750" endtime="20210914 08:30:29.756"/>
</kw>
<status status="PASS" starttime="20210914 08:30:24.049" endtime="20210914 08:30:29.756"/>
</kw>
<status status="PASS" starttime="20210914 08:30:24.048" endtime="20210914 08:30:29.757"/>
</kw>
<kw name="Quando eu pesquisar pelo produto &quot;Blouse&quot;" sourcename="Quando eu pesquisar pelo produto &quot;${PRODUTO}&quot;">
<kw name="Digitar o nome do produto &quot;${PRODUTO}&quot; no campo pesquisa" library="Resource" sourcename="Digitar o nome do produto &quot;${PRODUTO}&quot; no campo pesquisa">
<kw name="Input Text" library="SeleniumLibrary">
<arg>id=search_query_top</arg>
<arg>${PRODUTO}</arg>
<doc>Types the given ``text`` into the text field identified by ``locator``.</doc>
<msg timestamp="20210914 08:30:29.759" level="INFO">Typing text 'Blouse' into text field 'id=search_query_top'.</msg>
<status status="PASS" starttime="20210914 08:30:29.758" endtime="20210914 08:30:29.893"/>
</kw>
<status status="PASS" starttime="20210914 08:30:29.757" endtime="20210914 08:30:29.893"/>
</kw>
<kw name="Clicar no botão pesquisar" library="Resource">
<kw name="Click Element" library="SeleniumLibrary">
<arg>name=submit_search</arg>
<doc>Click the element identified by ``locator``.</doc>
<msg timestamp="20210914 08:30:29.894" level="INFO">Clicking element 'name=submit_search'.</msg>
<status status="PASS" starttime="20210914 08:30:29.894" endtime="20210914 08:30:29.979"/>
</kw>
<status status="PASS" starttime="20210914 08:30:29.893" endtime="20210914 08:30:29.979"/>
</kw>
<status status="PASS" starttime="20210914 08:30:29.757" endtime="20210914 08:30:29.980"/>
</kw>
<kw name="Então o produto &quot;Blouse&quot; deve ser listado na página de resultados da busca" sourcename="Então o produto &quot;${PRODUTO}&quot; deve ser listado na página de resultados da busca">
<kw name="Conferir se o produto &quot;${PRODUTO}&quot; foi listado no site" library="Resource" sourcename="Conferir se o produto &quot;${PRODUTO}&quot; foi listado no site">
<kw name="Wait Until Element Is Visible" library="SeleniumLibrary">
<arg>css=#center_column &gt; h1</arg>
<doc>Waits until the element ``locator`` is visible.</doc>
<status status="PASS" starttime="20210914 08:30:29.982" endtime="20210914 08:30:31.377"/>
</kw>
<kw name="Title Should Be" library="SeleniumLibrary">
<arg>Search - My Store</arg>
<doc>Verifies that the current page title equals ``title``.</doc>
<msg timestamp="20210914 08:30:31.381" level="INFO">Page title is 'Search - My Store'.</msg>
<status status="PASS" starttime="20210914 08:30:31.378" endtime="20210914 08:30:31.382"/>
</kw>
<kw name="Page Should Contain Image" library="SeleniumLibrary">
<arg>xpath=//*[@id="center_column"]//*[@src="http://automationpractice.com/img/p/7/7-home_default.jpg"]</arg>
<doc>Verifies image identified by ``locator`` is found from current page.</doc>
<msg timestamp="20210914 08:30:31.402" level="INFO">Current page contains image 'xpath=//*[@id="center_column"]//*[@src="http://automationpractice.com/img/p/7/7-home_default.jpg"]'.</msg>
<status status="PASS" starttime="20210914 08:30:31.382" endtime="20210914 08:30:31.402"/>
</kw>
<kw name="Page Should Contain Link" library="SeleniumLibrary">
<arg>xpath=//*[@id="center_column"]//a[@class="product-name"][@title="${PRODUTO}"]</arg>
<doc>Verifies link identified by ``locator`` is found from current page.</doc>
<msg timestamp="20210914 08:30:31.421" level="INFO">Current page contains link 'xpath=//*[@id="center_column"]//a[@class="product-name"][@title="Blouse"]'.</msg>
<status status="PASS" starttime="20210914 08:30:31.402" endtime="20210914 08:30:31.421"/>
</kw>
<status status="PASS" starttime="20210914 08:30:29.981" endtime="20210914 08:30:31.421"/>
</kw>
<status status="PASS" starttime="20210914 08:30:29.981" endtime="20210914 08:30:31.421"/>
</kw>
<kw name="Fechar navegador" library="Resource" type="TEARDOWN">
<kw name="Close Browser" library="SeleniumLibrary">
<doc>Closes the current browser.</doc>
<status status="PASS" starttime="20210914 08:30:31.422" endtime="20210914 08:30:33.662"/>
</kw>
<status status="PASS" starttime="20210914 08:30:31.422" endtime="20210914 08:30:33.663"/>
</kw>
<status status="PASS" starttime="20210914 08:30:21.193" endtime="20210914 08:30:33.664"/>
</test>
<test id="s1-t2" name="Caso de Teste 02: Pesquisar produto não existente">
<kw name="Abrir navegador" library="Resource" type="SETUP">
<kw name="Open Browser" library="SeleniumLibrary">
<arg>about:blank</arg>
<arg>${BROWSER}</arg>
<doc>Opens a new browser instance to the optional ``url``.</doc>
<msg timestamp="20210914 08:30:33.680" level="INFO">Opening browser 'chrome' to base url 'about:blank'.</msg>
<status status="PASS" starttime="20210914 08:30:33.677" endtime="20210914 08:30:35.863"/>
</kw>
<status status="PASS" starttime="20210914 08:30:33.675" endtime="20210914 08:30:35.863"/>
</kw>
<kw name="Dado que esto na página home do site">
<kw name="Acessar a página home do site" library="Resource">
<kw name="Go To" library="SeleniumLibrary">
<arg>${URL}</arg>
<doc>Navigates the current browser window to the provided ``url``.</doc>
<msg timestamp="20210914 08:30:35.865" level="INFO">Opening url 'http://automationpractice.com/'</msg>
<status status="PASS" starttime="20210914 08:30:35.865" endtime="20210914 08:30:42.154"/>
</kw>
<kw name="Title Should Be" library="SeleniumLibrary">
<arg>My Store</arg>
<doc>Verifies that the current page title equals ``title``.</doc>
<msg timestamp="20210914 08:30:42.166" level="INFO">Page title is 'My Store'.</msg>
<status status="PASS" starttime="20210914 08:30:42.154" endtime="20210914 08:30:42.166"/>
</kw>
<status status="PASS" starttime="20210914 08:30:35.865" endtime="20210914 08:30:42.166"/>
</kw>
<status status="PASS" starttime="20210914 08:30:35.864" endtime="20210914 08:30:42.166"/>
</kw>
<kw name="Quando eu pesquisar pelo produto &quot;ItemNãoExistente&quot;" sourcename="Quando eu pesquisar pelo produto &quot;${PRODUTO}&quot;">
<kw name="Digitar o nome do produto &quot;${PRODUTO}&quot; no campo pesquisa" library="Resource" sourcename="Digitar o nome do produto &quot;${PRODUTO}&quot; no campo pesquisa">
<kw name="Input Text" library="SeleniumLibrary">
<arg>id=search_query_top</arg>
<arg>${PRODUTO}</arg>
<doc>Types the given ``text`` into the text field identified by ``locator``.</doc>
<msg timestamp="20210914 08:30:42.169" level="INFO">Typing text 'ItemNãoExistente' into text field 'id=search_query_top'.</msg>
<status status="PASS" starttime="20210914 08:30:42.168" endtime="20210914 08:30:42.321"/>
</kw>
<status status="PASS" starttime="20210914 08:30:42.168" endtime="20210914 08:30:42.322"/>
</kw>
<kw name="Clicar no botão pesquisar" library="Resource">
<kw name="Click Element" library="SeleniumLibrary">
<arg>name=submit_search</arg>
<doc>Click the element identified by ``locator``.</doc>
<msg timestamp="20210914 08:30:42.322" level="INFO">Clicking element 'name=submit_search'.</msg>
<status status="PASS" starttime="20210914 08:30:42.322" endtime="20210914 08:30:45.224"/>
</kw>
<status status="PASS" starttime="20210914 08:30:42.322" endtime="20210914 08:30:45.224"/>
</kw>
<status status="PASS" starttime="20210914 08:30:42.167" endtime="20210914 08:30:45.224"/>
</kw>
<kw name="Então a página deve exibir a mensagem &quot;No results were found for your search &quot;ItemNãoExistente&quot;&quot;" sourcename="Então a página deve exibir a mensagem &quot;${NOTFOUND_ALERT}&quot;">
<kw name="Conferir mensagem de erro &quot;${NOTFOUND_ALERT}&quot;" library="Resource" sourcename="Conferir mensagem de erro &quot;${NOTFOUND_ALERT}&quot;">
<kw name="Wait Until Element Is Visible" library="SeleniumLibrary">
<arg>css=#center_column &gt; h1</arg>
<doc>Waits until the element ``locator`` is visible.</doc>
<status status="PASS" starttime="20210914 08:30:45.226" endtime="20210914 08:30:45.264"/>
</kw>
<kw name="Wait Until Element Is Visible" library="SeleniumLibrary">
<arg>//*[@id="center_column"]/p[@class='alert alert-warning']</arg>
<doc>Waits until the element ``locator`` is visible.</doc>
<status status="PASS" starttime="20210914 08:30:45.264" endtime="20210914 08:30:45.299"/>
</kw>
<kw name="Element Text Should Be" library="SeleniumLibrary">
<arg>//*[@id="center_column"]/p[@class='alert alert-warning']</arg>
<arg>${NOTFOUND_ALERT}</arg>
<doc>Verifies that element ``locator`` contains exact the text ``expected``.</doc>
<msg timestamp="20210914 08:30:45.300" level="INFO">Verifying element '//*[@id="center_column"]/p[@class='alert alert-warning']' contains exact text 'No results were found for your search "ItemNãoExistente"'.</msg>
<status status="PASS" starttime="20210914 08:30:45.299" endtime="20210914 08:30:45.323"/>
</kw>
<status status="PASS" starttime="20210914 08:30:45.226" endtime="20210914 08:30:45.323"/>
</kw>
<status status="PASS" starttime="20210914 08:30:45.225" endtime="20210914 08:30:45.324"/>
</kw>
<kw name="Fechar navegador" library="Resource" type="TEARDOWN">
<kw name="Close Browser" library="SeleniumLibrary">
<doc>Closes the current browser.</doc>
<status status="PASS" starttime="20210914 08:30:45.326" endtime="20210914 08:30:47.871"/>
</kw>
<status status="PASS" starttime="20210914 08:30:45.325" endtime="20210914 08:30:47.872"/>
</kw>
<status status="PASS" starttime="20210914 08:30:33.671" endtime="20210914 08:30:47.873"/>
</test>
<status status="PASS" starttime="20210914 08:30:20.848" endtime="20210914 08:30:47.882"/>
</suite>
<statistics>
<total>
<stat pass="2" fail="0" skip="0">All Tests</stat>
</total>
<tag>
</tag>
<suite>
<stat pass="2" fail="0" skip="0" id="s1" name="TestBddPractice">TestBddPractice</stat>
</suite>
</statistics>
<errors>
</errors>
</robot>
